
 +-----------------------------------------------------+
 |  COP 4600                          Simulator Report |
 |  DATE:  Fri Jan 27 17:07:26 2012                    |
 |  NAME:  data1                                       |
 |                                                     |
 |  OBJECTIVE # ...........................1           |
 |  LOGON TIME UNITS ......................NSEC        |
 |  NO. OF TERMINALS ......................4           |
 |  MEMORY SIZE ...........................1000        |
 |  CPU RATE ( NSEC/INSTR ) ...............500         |
 |  SCHEDULING ALGORITHM ..................FCFS        |
 |  MAX SCRIPT LENGTH .....................2           |
 |                                                     |
 |  DEBUG MEMORY ..........................OFF         |
 |  DEBUG EVENT ...........................OFF         |
 |  DEBUG PCB .............................OFF         |
 |  DEBUG RBLIST ..........................OFF         |
 |  DEBUG DEVQ ............................OFF         |
 |  DEBUG CPUQ ............................OFF         |
 |                                                     |
 | =================  DEVICE TABLE =================== |
 |                                                     |
 |  ID      RATE (*)                                   |
 |                                                     |
 |  PRNT    10                                         |
 |  DISK    300                                        |
 |                                                     |
 | (*) Bytes/Second                                    |
 +-----------------------------------------------------+

 EVENT  AGENT  HR:xxxxxxxx MN:xx SC:xx MS:xxx mS:xxx NS:xxx
 -----  -----  ----------- ----- ----- ------ ------ ------



                              TERMINAL  SUMMARY                             
 ============================================================================
 TERMNL|      EXEC      |      WAIT    |    BLOCKED   |    ELAPSED   |  %EFF
 ======|================|==============|==============|==============|=======
 ============================================================================
 TOTALS|           0 SC |         0 SC |         0 SC |         0 SC |
       |           0 NS |         0 NS |         0 NS |         0 NS |
 ------|----------------|--------------|--------------|--------------|
 AVERGE|           0 SC |         0 SC |         0 SC |         0 SC |
       |           0 NS |         0 NS |         0 NS |         0 NS |
 =====================================================================


                                DEVICE  SUMMARY                            
 ============================================================================
 DEVICE|        BUSY    |      WAIT    |      IDLE    |   RESPONSE   | %UTIL
 ======|================|==============|==============|==============|=======
 CPU   |           0 SC |         0 SC |         0 SC |         0 SC | 0.00
       |           0 NS |         0 NS |         0 NS |         0 NS |
 ============================================================================

End of Benchmark Report.

