
 +-----------------------------------------------------+
 |  COP 4600                          Simulator Report |
 |  DATE:  Mon Mar  5 21:58:53 2012                    |
 |  NAME:  data3                                       |
 |                                                     |
 |  OBJECTIVE # ...........................3           |
 |  LOGON TIME UNITS ......................NSEC        |
 |  NO. OF TERMINALS ......................5           |
 |  MEMORY SIZE ...........................200         |
 |  CPU RATE ( NSEC/INSTR ) ...............500         |
 |  SCHEDULING ALGORITHM ..................FCFS        |
 |  MAX SCRIPT LENGTH .....................10          |
 |                                                     |
 |  DEBUG MEMORY ..........................OFF         |
 |  DEBUG EVENT ...........................OFF         |
 |  DEBUG PCB .............................OFF         |
 |  DEBUG RBLIST ..........................OFF         |
 |  DEBUG DEVQ ............................OFF         |
 |  DEBUG CPUQ ............................OFF         |
 |                                                     |
 | =================  DEVICE TABLE =================== |
 |                                                     |
 |  ID      RATE (*)                                   |
 |                                                     |
 |  PRT1    400                                        |
 |  PRT2    700                                        |
 |  LPRT    250                                        |
 |  DISK    3000                                       |
 |  RDSK    7500                                       |
 |  DSK2    3500                                       |
 |                                                     |
 | (*) Bytes/Second                                    |
 +-----------------------------------------------------+

 EVENT  AGENT  HR:xxxxxxxx MN:xx SC:xx MS:xxx mS:xxx NS:xxx
 -----  -----  ----------- ----- ----- ------ ------ ------
 LOGON  U001   HR:       0 MN: 0 SC: 0 MS:  0 mS:  0 NS:  0

	Script for user U001 is:
	EDITOR  COMPILER  EDITOR  COMPILER  LINKER  USER  LOGOFF  

   SEGMENT #0 OF PROGRAM EDITOR OF PROCESS U001
   ACCBITS: 11  LENGTH: 4
   MEM ADDR  OPCODE  OPERAND
   --------  ------  -------
          0  SIO     75      
          1  DISK    150     
          2  SKIP    0       
          3  JUMP    [1,0]

   SEGMENT #1 OF PROGRAM EDITOR OF PROCESS U001
   ACCBITS: 160  LENGTH: 7
   MEM ADDR  OPCODE  OPERAND
   --------  ------  -------
          0  SIO     40      
          1  DSK2    10      
          2  WIO     50      
          3  REQ     [0,1]

		Program number 1, EDITOR, has been loaded for user U001

 LOGON  U002   HR:       0 MN: 0 SC: 0 MS:  0 mS:  0 NS:  0

	Script for user U002 is:
	EDITOR  PRINTER  LOGOFF  

