
 +-----------------------------------------------------+
 |  COP 4600                          Simulator Report |
 |  DATE:  Mon Apr  9 15:20:33 2012                    |
 |  NAME:  data4                                       |
 |                                                     |
 |  OBJECTIVE # ...........................4           |
 |  LOGON TIME UNITS ......................mSEC        |
 |  NO. OF TERMINALS ......................4           |
 |  MEMORY SIZE ...........................100         |
 |  CPU RATE ( NSEC/INSTR ) ...............500         |
 |  SCHEDULING ALGORITHM ..................FCFS        |
 |  MAX SCRIPT LENGTH .....................5           |
 |                                                     |
 |  DEBUG MEMORY ..........................OFF         |
 |  DEBUG EVENT ...........................ON          |
 |  DEBUG PCB .............................OFF         |
 |  DEBUG RBLIST ..........................ON          |
 |  DEBUG DEVQ ............................OFF         |
 |  DEBUG CPUQ ............................ON          |
 |                                                     |
 | =================  DEVICE TABLE =================== |
 |                                                     |
 |  ID      RATE (*)                                   |
 |                                                     |
 |  PRNT    100                                        |
 |  DISK    300                                        |
 |                                                     |
 | (*) Bytes/Second                                    |
 +-----------------------------------------------------+

 EVENT  AGENT  HR:xxxxxxxx MN:xx SC:xx MS:xxx mS:xxx NS:xxx
 -----  -----  ----------- ----- ----- ------ ------ ------
 LOGON  U001   HR:       0 MN: 0 SC: 0 MS:  0 mS:  0 NS:  0

	Script for user U001 is:
	EDITOR  EDITOR  LOGOFF

	SEGMENT #0 OF PROGRAM EDITOR OF PROCESS U001
	ACCBITS: FF  LENGTH: 9
	MEM ADDR  OPCODE  OPERAND
	--------  ------  -------
	       0  SIO     23
	       1  PRNT    100
	       2  SIO     32
	       3  DISK    300
	       4  WIO     0
	       5  REQ     [0,3]
	       6  SIO     15
	       7  PRNT    150
	       8  END     17

		Program number 1, EDITOR, has been loaded for user U001.

 LOGON  U003   HR:       0 MN: 0 SC: 0 MS:  0 mS: 10 NS:  0

	Script for user U003 is:
	PRINTER  LOGOFF

	SEGMENT #0 OF PROGRAM PRINTER OF PROCESS U003
	ACCBITS: FF  LENGTH: 5
	MEM ADDR  OPCODE  OPERAND
	--------  ------  -------
	       9  SIO     27
	      10  DISK    3000
	      11  SIO     15
	      12  PRNT    100
	      13  END     30

		Program number 1, PRINTER, has been loaded for user U003.

 LOGON  U002   HR:       0 MN: 0 SC: 0 MS:  0 mS: 10 NS:  0

	Script for user U002 is:
	EDITOR  PRINTER  LOGOFF

	SEGMENT #0 OF PROGRAM EDITOR OF PROCESS U002
	ACCBITS: FF  LENGTH: 5
	MEM ADDR  OPCODE  OPERAND
	--------  ------  -------
	      14  SIO     10
	      15  DISK    1000
	      16  WIO     0
	      17  REQ     [0,1]
	      18  END     37

		Program number 1, EDITOR, has been loaded for user U002.

 SIO    U001   HR:       0 MN: 0 SC: 0 MS:  0 mS: 11 NS:500

 LOGON  U004   HR:       0 MN: 0 SC: 0 MS:  0 mS: 20 NS:  0

	Script for user U004 is:
	PRINTER  PRINTER  LOGOFF

	SEGMENT #0 OF PROGRAM PRINTER OF PROCESS U004
	ACCBITS: FF  LENGTH: 7
	MEM ADDR  OPCODE  OPERAND
	--------  ------  -------
	      19  SIO     18
	      20  DISK    1000
	      21  WIO     5
	      22  REQ     [0,1]
	      23  SIO     12
	      24  PRNT    50
	      25  END     24

		Program number 1, PRINTER, has been loaded for user U004.

 SIO    U001   HR:       0 MN: 0 SC: 0 MS:  0 mS: 27 NS:500

 WIO    U001   HR:       0 MN: 0 SC: 0 MS:  0 mS: 27 NS:500

		User U001 is blocked for I/O.
		CPU burst was 55 instructions.

 SIO    U003   HR:       0 MN: 0 SC: 0 MS:  0 mS: 41 NS:  0

 SIO    U003   HR:       0 MN: 0 SC: 0 MS:  0 mS: 48 NS:500

 END    U003   HR:       0 MN: 0 SC: 0 MS:  0 mS: 63 NS:500

		Program number 1, PRINTER, has ended for user U003.
		CPU burst was 72 instructions.

 SIO    U002   HR:       0 MN: 0 SC: 0 MS:  0 mS: 68 NS:500

 WIO    U002   HR:       0 MN: 0 SC: 0 MS:  0 mS: 68 NS:500

		User U002 is blocked for I/O.
		CPU burst was 10 instructions.

 SIO    U004   HR:       0 MN: 0 SC: 0 MS:  0 mS: 77 NS:500

 WIO    U004   HR:       0 MN: 0 SC: 0 MS:  0 mS: 80 NS:  0

		User U004 is blocked for I/O.
		CPU burst was 23 instructions.

 EIO    PRNT   HR:       0 MN: 0 SC: 1 MS:  0 mS: 11 NS:500

 EIO    DISK   HR:       0 MN: 0 SC: 1 MS:  0 mS: 27 NS:500

 SIO    U001   HR:       0 MN: 0 SC: 1 MS:  0 mS: 35 NS:  0

 END    U001   HR:       0 MN: 0 SC: 1 MS:  0 mS: 43 NS:500

		Program number 1, EDITOR, has ended for user U001.
		CPU burst was 32 instructions.

 EIO    PRNT   HR:       0 MN: 0 SC: 2 MS:  0 mS: 11 NS:500

 EIO    PRNT   HR:       0 MN: 0 SC: 3 MS:500 mS: 11 NS:500

	SEGMENT #0 OF PROGRAM EDITOR OF PROCESS U001
	ACCBITS: FF  LENGTH: 7
	MEM ADDR  OPCODE  OPERAND
	--------  ------  -------
	       0  SIO     18
	       1  PRNT    200
	       2  SIO     5
	       3  PRNT    200
	       4  WIO     19
	       5  REQ     [0,1]
	       6  END     13

		Program number 2, EDITOR, has been loaded for user U001.

 SIO    U001   HR:       0 MN: 0 SC: 3 MS:500 mS: 20 NS:500

 SIO    U001   HR:       0 MN: 0 SC: 3 MS:500 mS: 23 NS:  0

 WIO    U001   HR:       0 MN: 0 SC: 3 MS:500 mS: 32 NS:500

		User U001 is blocked for I/O.
		CPU burst was 42 instructions.

 EIO    PRNT   HR:       0 MN: 0 SC: 5 MS:500 mS: 20 NS:500

 END    U001   HR:       0 MN: 0 SC: 5 MS:500 mS: 27 NS:  0

		Program number 2, EDITOR, has ended for user U001.
		CPU burst was 13 instructions.

 EIO    PRNT   HR:       0 MN: 0 SC: 7 MS:500 mS: 20 NS:500

		User U001 has logged off.
 EIO    DISK   HR:       0 MN: 0 SC:11 MS:  0 mS: 27 NS:500

		User U003 has logged off.
 EIO    DISK   HR:       0 MN: 0 SC:14 MS:333 mS:360 NS:800

 END    U002   HR:       0 MN: 0 SC:14 MS:333 mS:379 NS:300

		Program number 1, EDITOR, has ended for user U002.
		CPU burst was 37 instructions.

	SEGMENT #0 OF PROGRAM PRINTER OF PROCESS U002
	ACCBITS: FF  LENGTH: 5
	MEM ADDR  OPCODE  OPERAND
	--------  ------  -------
	       0  SIO     34
	       1  PRNT    200
	       2  SIO     13
	       3  DISK    300
	       4  END     15

		Program number 2, PRINTER, has been loaded for user U002.

 SIO    U002   HR:       0 MN: 0 SC:14 MS:333 mS:396 NS:300

 SIO    U002   HR:       0 MN: 0 SC:14 MS:333 mS:402 NS:800

 END    U002   HR:       0 MN: 0 SC:14 MS:333 mS:410 NS:300

		Program number 2, PRINTER, has ended for user U002.
		CPU burst was 62 instructions.

 EIO    PRNT   HR:       0 MN: 0 SC:16 MS:333 mS:396 NS:300

 EIO    DISK   HR:       0 MN: 0 SC:17 MS:666 mS:694 NS:100

 SIO    U004   HR:       0 MN: 0 SC:17 MS:666 mS:700 NS:100

 END    U004   HR:       0 MN: 0 SC:17 MS:666 mS:712 NS:100

		Program number 1, PRINTER, has ended for user U004.
		CPU burst was 36 instructions.

 EIO    PRNT   HR:       0 MN: 0 SC:18 MS:166 mS:700 NS:100

	SEGMENT #0 OF PROGRAM PRINTER OF PROCESS U004
	ACCBITS: FF  LENGTH: 7
	MEM ADDR  OPCODE  OPERAND
	--------  ------  -------
	       5  SIO     123
	       6  DISK    150
	       7  WIO     45
	       8  REQ     [0,1]
	       9  SIO     75
	      10  PRNT    100
	      11  END     67

		Program number 2, PRINTER, has been loaded for user U004.

 SIO    U004   HR:       0 MN: 0 SC:18 MS:166 mS:761 NS:600

 WIO    U004   HR:       0 MN: 0 SC:18 MS:166 mS:784 NS:100

		User U004 is blocked for I/O.
		CPU burst was 168 instructions.

 EIO    DISK   HR:       0 MN: 0 SC:18 MS:666 mS:694 NS:100

		User U002 has logged off.
 EIO    DISK   HR:       0 MN: 0 SC:19 MS:166 mS:694 NS: 50

 SIO    U004   HR:       0 MN: 0 SC:19 MS:166 mS:731 NS:550

 END    U004   HR:       0 MN: 0 SC:19 MS:166 mS:765 NS: 50

		Program number 2, PRINTER, has ended for user U004.
		CPU burst was 142 instructions.

 EIO    PRNT   HR:       0 MN: 0 SC:20 MS:166 mS:731 NS:550

		User U004 has logged off.



                              TERMINAL  SUMMARY                             
 ============================================================================
 TERMNL|      EXEC      |      WAIT    |    BLOCKED   |    ELAPSED   |  %EFF
 ======|================|==============|==============|==============|=======
 U001  |           0 SC |         0 SC |         8 SC |         7 SC | 0.00
       |       71000 NS |         0 NS | 499933500 NS | 500020500 NS |
 ------|----------------|--------------|--------------|--------------|-------
 U002  |           0 SC |         0 SC |        20 SC |        18 SC | 0.00
       |       54500 NS |     82000 NS | 666562100 NS | 666684100 NS |
 ------|----------------|--------------|--------------|--------------|-------
 U003  |           0 SC |         0 SC |        12 SC |        11 SC | 0.00
       |       36000 NS |     27500 NS | 999912000 NS |     17500 NS |
 ------|----------------|--------------|--------------|--------------|-------
 U004  |           0 SC |         0 SC |        20 SC |        20 SC | 0.00
       |      184500 NS |     68500 NS | 166478550 NS | 166711550 NS |
 ============================================================================
 TOTALS|           0 SC |         0 SC |         0 SC |         0 SC |
       |           0 NS |         0 NS |         0 NS |         0 NS |
 ------|----------------|--------------|--------------|--------------|
 AVERGE|           0 SC |         0 SC |         0 SC |         0 SC |
       |           0 NS |         0 NS |         0 NS |         0 NS |
 =====================================================================


                                DEVICE  SUMMARY                            
 ============================================================================
 DEVICE|        BUSY    |      WAIT    |      IDLE    |   RESPONSE   | %UTIL
 ======|================|==============|==============|==============|=======
 CPU   |           0 SC |         0 SC |         0 SC |         0 SC | 0.00
       |      346000 NS |    178000 NS |         0 NS |         0 NS |
 ------|----------------|--------------|--------------|--------------|-------
 PRNT  |          11 SC |         3 SC |         0 SC |         0 SC | 0.00
       |           0 NS | 999937000 NS |         0 NS |         0 NS |
 ------|----------------|--------------|--------------|--------------|-------
 DISK  |          19 SC |        30 SC |         0 SC |         0 SC | 0.00
       |   166666550 NS | 166452600 NS |         0 NS |         0 NS |
 ============================================================================

End of Benchmark Report.

